<?xml version="1.0" encoding="UTF-8"?>
<!-- Generated by org.testng.reporters.JUnitReportReporter -->
<testsuite hostname="DESKTOP-N9OFMSH" failures="0" tests="3" name="tests.Testing1" time="0.007" errors="0" timestamp="2022-08-13T15:15:29 EDT" skipped="0">
  <testcase classname="tests.Testing1" name="test3" time="0.001"/>
  <system-out/>
  <testcase classname="tests.Testing1" name="test1" time="0.003"/>
  <system-out/>
  <testcase classname="tests.Testing1" name="test2" time="0.003"/>
  <system-out/>
</testsuite> <!-- tests.Testing1 -->
