<?xml version="1.0" encoding="UTF-8"?>
<!-- Generated by org.testng.reporters.JUnitReportReporter -->
<testsuite hostname="DESKTOP-N9OFMSH" failures="0" tests="1" name="Y.AppTest" time="0.006" errors="0" timestamp="2022-08-13T15:15:29 EDT" skipped="0">
  <testcase classname="Y.AppTest" name="shouldAnswerWithTrue" time="0.006"/>
  <system-out/>
</testsuite> <!-- Y.AppTest -->
